{
  "stats": {
    "suites": 1,
    "tests": 3,
    "passes": 2,
    "pending": 1,
    "failures": 0,
    "start": "2022-10-30T13:23:03.679Z",
    "end": "2022-10-30T13:23:03.714Z",
    "duration": 35,
    "testsRegistered": 3,
    "passPercent": 100,
    "pendingPercent": 33.33333333333333,
    "other": 0,
    "hasOther": false,
    "skipped": 0,
    "hasSkipped": false
  },
  "results": [
    {
      "uuid": "4a0e8514-13d9-4f62-bb5f-2e82b4abab22",
      "title": "",
      "fullFile": "C:\\Users\\Usuario\\Documents\\CypressTraining\\mochaframework\\test\\testCase01.js",
      "file": "\\test\\testCase01.js",
      "beforeHooks": [],
      "afterHooks": [],
      "tests": [],
      "suites": [
        {
          "uuid": "9f26783e-4fa0-4dcb-95fe-556b4afe1e51",
          "title": "Mocha validations",
          "fullFile": "C:\\Users\\Usuario\\Documents\\CypressTraining\\mochaframework\\test\\testCase01.js",
          "file": "\\test\\testCase01.js",
          "beforeHooks": [],
          "afterHooks": [],
          "tests": [
            {
              "title": "Validation with should",
              "fullTitle": "Mocha validations Validation with should",
              "timedOut": false,
              "duration": 0,
              "state": "pending",
              "speed": null,
              "pass": false,
              "fail": false,
              "pending": true,
              "context": null,
              "code": "",
              "err": {},
              "uuid": "c27da899-42b3-4d62-ba0d-e31260733088",
              "parentUUID": "9f26783e-4fa0-4dcb-95fe-556b4afe1e51",
              "isHook": false,
              "skipped": false
            },
            {
              "title": "Validate with expect",
              "fullTitle": "Mocha validations Validate with expect",
              "timedOut": false,
              "duration": 10,
              "state": "passed",
              "speed": "fast",
              "pass": true,
              "fail": false,
              "pending": false,
              "context": null,
              "code": "expect(name).to.equal('Joversky')\nexpect(name).to.have.lengthOf(8)\nexpect(isElementPresent()).to.true",
              "err": {},
              "uuid": "dcb03dd6-62a5-48c1-81e7-71fb40fafe93",
              "parentUUID": "9f26783e-4fa0-4dcb-95fe-556b4afe1e51",
              "isHook": false,
              "skipped": false
            },
            {
              "title": "Validate with assert",
              "fullTitle": "Mocha validations Validate with assert",
              "timedOut": false,
              "duration": 3,
              "state": "passed",
              "speed": "fast",
              "pass": true,
              "fail": false,
              "pending": false,
              "context": null,
              "code": "assert.equal(name,'Joversky')\nassert.lengthOf(name,8)\nassert.equal(isElementPresent(),true)",
              "err": {},
              "uuid": "0d860907-015c-45e5-92c9-2a9ef1f2b771",
              "parentUUID": "9f26783e-4fa0-4dcb-95fe-556b4afe1e51",
              "isHook": false,
              "skipped": false
            }
          ],
          "suites": [],
          "passes": [
            "dcb03dd6-62a5-48c1-81e7-71fb40fafe93",
            "0d860907-015c-45e5-92c9-2a9ef1f2b771"
          ],
          "failures": [],
          "pending": [
            "c27da899-42b3-4d62-ba0d-e31260733088"
          ],
          "skipped": [],
          "duration": 13,
          "root": false,
          "rootEmpty": false,
          "_timeout": 2000
        }
      ],
      "passes": [],
      "failures": [],
      "pending": [],
      "skipped": [],
      "duration": 0,
      "root": true,
      "rootEmpty": true,
      "_timeout": 2000
    }
  ],
  "meta": {
    "mocha": {
      "version": "10.1.0"
    },
    "mochawesome": {
      "options": {
        "quiet": false,
        "reportFilename": "mochawesome",
        "saveHtml": true,
        "saveJson": true,
        "consoleReporter": "spec",
        "useInlineDiffs": false,
        "code": true
      },
      "version": "7.1.3"
    },
    "marge": {
      "options": null,
      "version": "6.2.0"
    }
  }
}